19:1:4 -> ##Initializing DirectXGraphics
19:1:4 -> ## Starting up..
19:1:4 -> parsing config file...
19:1:4 -> Entering mode 2 (1024x768)
19:1:4 -> Entering WINDOW Mode
19:1:4 -> Config file successfully read...
19:1:5 -> InitGame() successfull
19:1:9 -> ## Shutting down
19:1:9 -> ##Shutting Down DirectXGraphics
20:24:19 -> ##Initializing DirectXGraphics
20:24:19 -> ## Starting up..
20:24:19 -> parsing config file...
20:24:19 -> Entering mode 2 (1024x768)
20:24:19 -> Entering WINDOW Mode
20:24:19 -> Config file successfully read...
20:24:28 -> InitGame() successfull
20:24:34 -> ## Shutting down
20:24:34 -> ##Shutting Down DirectXGraphics
20:37:25 -> ##Initializing DirectXGraphics
20:37:25 -> ## Starting up..
20:37:25 -> parsing config file...
20:37:25 -> Entering mode 2 (1024x768)
20:37:25 -> Entering WINDOW Mode
20:37:25 -> Config file successfully read...
20:37:27 -> InitGame() successfull
20:40:10 -> ## Shutting down
20:40:10 -> ##Shutting Down DirectXGraphics
20:42:19 -> ##Initializing DirectXGraphics
20:42:19 -> ## Starting up..
20:42:19 -> parsing config file...
20:42:19 -> Entering mode 2 (1024x768)
20:42:19 -> Entering WINDOW Mode
20:42:19 -> Config file successfully read...
20:42:20 -> InitGame() successfull
20:42:45 -> ## Shutting down
20:42:45 -> ##Shutting Down DirectXGraphics
20:43:25 -> ##Initializing DirectXGraphics
20:43:25 -> ## Starting up..
20:43:25 -> parsing config file...
20:43:25 -> Entering mode 2 (1024x768)
20:43:25 -> Entering WINDOW Mode
20:43:25 -> Config file successfully read...
20:43:26 -> InitGame() successfull
20:44:17 -> ## Shutting down
20:44:17 -> ##Shutting Down DirectXGraphics
20:44:57 -> ##Initializing DirectXGraphics
20:44:57 -> ## Starting up..
20:44:57 -> parsing config file...
20:44:57 -> Entering mode 2 (1024x768)
20:44:57 -> Entering WINDOW Mode
20:44:57 -> Config file successfully read...
20:44:58 -> InitGame() successfull
20:45:21 -> ## Shutting down
20:45:21 -> ##Shutting Down DirectXGraphics
20:45:46 -> ##Initializing DirectXGraphics
20:45:46 -> ## Starting up..
20:45:46 -> parsing config file...
20:45:46 -> Entering mode 2 (1024x768)
20:45:46 -> Entering WINDOW Mode
20:45:46 -> Config file successfully read...
20:45:47 -> InitGame() successfull
20:46:1 -> ## Shutting down
20:46:1 -> ##Shutting Down DirectXGraphics
20:46:18 -> ##Initializing DirectXGraphics
20:46:18 -> ## Starting up..
20:46:18 -> parsing config file...
20:46:18 -> Entering mode 2 (1024x768)
20:46:18 -> Entering WINDOW Mode
20:46:18 -> Config file successfully read...
20:46:19 -> InitGame() successfull
20:53:45 -> ## Shutting down
20:53:45 -> ##Shutting Down DirectXGraphics
20:53:54 -> ##Initializing DirectXGraphics
20:53:54 -> ## Starting up..
20:53:54 -> parsing config file...
20:53:54 -> Entering mode 2 (1024x768)
20:53:54 -> Entering WINDOW Mode
20:53:54 -> Config file successfully read...
20:53:55 -> InitGame() successfull
20:53:58 -> ## Shutting down
20:53:58 -> ##Shutting Down DirectXGraphics
20:55:51 -> ##Initializing DirectXGraphics
20:55:51 -> ## Starting up..
20:55:51 -> parsing config file...
20:55:51 -> Entering mode 2 (1024x768)
20:55:51 -> Entering WINDOW Mode
20:55:51 -> Config file successfully read...
20:55:52 -> InitGame() successfull
20:55:54 -> ## Shutting down
20:55:54 -> ##Shutting Down DirectXGraphics
20:59:55 -> ##Initializing DirectXGraphics
20:59:55 -> ## Starting up..
20:59:55 -> parsing config file...
20:59:55 -> Entering mode 2 (1024x768)
20:59:55 -> Entering WINDOW Mode
20:59:55 -> Config file successfully read...
20:59:56 -> InitGame() successfull
21:0:21 -> ## Shutting down
21:0:21 -> ##Shutting Down DirectXGraphics
22:16:58 -> ##Initializing DirectXGraphics
22:16:58 -> ## Starting up..
22:16:58 -> parsing config file...
22:16:58 -> Entering mode 2 (1024x768)
22:16:58 -> Entering WINDOW Mode
22:16:58 -> Config file successfully read...
22:17:0 -> InitGame() successfull
22:17:46 -> ## Shutting down
22:17:46 -> ##Shutting Down DirectXGraphics
22:19:8 -> ##Initializing DirectXGraphics
22:19:8 -> ## Starting up..
22:19:8 -> parsing config file...
22:19:8 -> Entering mode 2 (1024x768)
22:19:8 -> Entering WINDOW Mode
22:19:8 -> Config file successfully read...
22:19:9 -> InitGame() successfull
22:19:36 -> ## Shutting down
22:19:36 -> ##Shutting Down DirectXGraphics
22:22:5 -> ##Initializing DirectXGraphics
22:22:5 -> ## Starting up..
22:22:5 -> parsing config file...
22:22:5 -> Entering mode 2 (1024x768)
22:22:5 -> Entering WINDOW Mode
22:22:5 -> Config file successfully read...
22:22:6 -> InitGame() successfull
22:22:16 -> ## Shutting down
22:22:16 -> ##Shutting Down DirectXGraphics
22:22:34 -> ##Initializing DirectXGraphics
22:22:34 -> ## Starting up..
22:22:34 -> parsing config file...
22:22:34 -> Entering mode 2 (1024x768)
22:22:34 -> Entering WINDOW Mode
22:22:34 -> Config file successfully read...
22:22:35 -> InitGame() successfull
22:22:50 -> ## Shutting down
22:22:50 -> ##Shutting Down DirectXGraphics
22:23:39 -> ##Initializing DirectXGraphics
22:23:39 -> ## Starting up..
22:23:39 -> parsing config file...
22:23:39 -> Entering mode 2 (1024x768)
22:23:39 -> Entering WINDOW Mode
22:23:39 -> Config file successfully read...
22:23:40 -> InitGame() successfull
22:24:4 -> ## Shutting down
22:24:4 -> ##Shutting Down DirectXGraphics
22:24:57 -> ##Initializing DirectXGraphics
22:24:57 -> ## Starting up..
22:24:57 -> parsing config file...
22:24:57 -> Entering mode 2 (1024x768)
22:24:57 -> Entering WINDOW Mode
22:24:57 -> Config file successfully read...
22:24:58 -> InitGame() successfull
22:25:7 -> ## Shutting down
22:25:7 -> ##Shutting Down DirectXGraphics
22:25:24 -> ##Initializing DirectXGraphics
22:25:24 -> ## Starting up..
22:25:24 -> parsing config file...
22:25:24 -> Entering mode 2 (1024x768)
22:25:24 -> Entering WINDOW Mode
22:25:24 -> Config file successfully read...
22:25:25 -> InitGame() successfull
22:25:55 -> ## Shutting down
22:25:55 -> ##Shutting Down DirectXGraphics
22:26:36 -> ##Initializing DirectXGraphics
22:26:36 -> ## Starting up..
22:26:36 -> parsing config file...
22:26:36 -> Entering mode 2 (1024x768)
22:26:36 -> Entering WINDOW Mode
22:26:36 -> Config file successfully read...
22:26:37 -> InitGame() successfull
22:27:37 -> ## Shutting down
22:27:37 -> ##Shutting Down DirectXGraphics
22:28:16 -> ##Initializing DirectXGraphics
22:28:16 -> ## Starting up..
22:28:16 -> parsing config file...
22:28:16 -> Entering mode 2 (1024x768)
22:28:16 -> Entering WINDOW Mode
22:28:16 -> Config file successfully read...
22:28:17 -> InitGame() successfull
22:28:35 -> ## Shutting down
22:28:35 -> ##Shutting Down DirectXGraphics
22:31:54 -> ##Initializing DirectXGraphics
22:31:54 -> ## Starting up..
22:31:54 -> parsing config file...
22:31:54 -> Entering mode 2 (1024x768)
22:31:54 -> Entering WINDOW Mode
22:31:54 -> Config file successfully read...
22:31:55 -> InitGame() successfull
22:40:25 -> ## Shutting down
22:40:25 -> ##Shutting Down DirectXGraphics
22:59:36 -> ##Initializing DirectXGraphics
22:59:36 -> ## Starting up..
22:59:36 -> parsing config file...
22:59:36 -> Entering mode 2 (1024x768)
22:59:36 -> Entering WINDOW Mode
22:59:36 -> Config file successfully read...
22:59:37 -> InitGame() successfull
22:59:51 -> ## Shutting down
22:59:51 -> ##Shutting Down DirectXGraphics
23:0:3 -> ##Initializing DirectXGraphics
23:0:3 -> ## Starting up..
23:0:3 -> parsing config file...
23:0:3 -> Entering mode 2 (1024x768)
23:0:3 -> Entering WINDOW Mode
23:0:3 -> Config file successfully read...
23:0:4 -> InitGame() successfull
23:0:32 -> ## Shutting down
23:0:32 -> ##Shutting Down DirectXGraphics
23:7:59 -> ##Initializing DirectXGraphics
23:7:59 -> ## Starting up..
23:7:59 -> parsing config file...
23:7:59 -> Entering mode 2 (1024x768)
23:7:59 -> Entering WINDOW Mode
23:7:59 -> Config file successfully read...
23:8:0 -> InitGame() successfull
23:8:14 -> ## Shutting down
23:8:14 -> ##Shutting Down DirectXGraphics
23:8:28 -> ##Initializing DirectXGraphics
23:8:28 -> ## Starting up..
23:8:28 -> parsing config file...
23:8:28 -> Entering mode 2 (1024x768)
23:8:28 -> Entering WINDOW Mode
23:8:28 -> Config file successfully read...
23:8:29 -> InitGame() successfull
23:8:39 -> ## Shutting down
23:8:39 -> ##Shutting Down DirectXGraphics
23:9:43 -> ##Initializing DirectXGraphics
23:9:43 -> ## Starting up..
23:9:43 -> parsing config file...
23:9:43 -> Entering mode 2 (1024x768)
23:9:43 -> Entering WINDOW Mode
23:9:43 -> Config file successfully read...
23:9:44 -> InitGame() successfull
23:10:5 -> ## Shutting down
23:10:5 -> ##Shutting Down DirectXGraphics
23:20:12 -> ##Initializing DirectXGraphics
23:20:12 -> ## Starting up..
23:20:12 -> parsing config file...
23:20:12 -> Entering mode 2 (1024x768)
23:20:12 -> Entering WINDOW Mode
23:20:12 -> Config file successfully read...
23:20:13 -> InitGame() successfull
23:20:41 -> ## Shutting down
23:20:41 -> ##Shutting Down DirectXGraphics
23:23:37 -> ##Initializing DirectXGraphics
23:23:37 -> ## Starting up..
23:23:37 -> parsing config file...
23:23:37 -> Entering mode 2 (1024x768)
23:23:37 -> Entering WINDOW Mode
23:23:37 -> Config file successfully read...
23:23:38 -> InitGame() successfull
23:24:17 -> ## Shutting down
23:24:17 -> ##Shutting Down DirectXGraphics
23:28:23 -> ##Initializing DirectXGraphics
23:28:23 -> ## Starting up..
23:28:23 -> parsing config file...
23:28:23 -> Entering mode 2 (1024x768)
23:28:23 -> Entering WINDOW Mode
23:28:23 -> Config file successfully read...
23:28:24 -> InitGame() successfull
23:28:28 -> ## Shutting down
23:28:28 -> ##Shutting Down DirectXGraphics
23:28:51 -> ##Initializing DirectXGraphics
23:28:51 -> ## Starting up..
23:28:51 -> parsing config file...
23:28:51 -> Entering mode 2 (1024x768)
23:28:51 -> Entering WINDOW Mode
23:28:51 -> Config file successfully read...
23:28:52 -> InitGame() successfull
23:29:7 -> ## Shutting down
23:29:7 -> ##Shutting Down DirectXGraphics
23:30:20 -> ##Initializing DirectXGraphics
23:30:20 -> ## Starting up..
23:30:20 -> parsing config file...
23:30:20 -> Entering mode 2 (1024x768)
23:30:20 -> Entering WINDOW Mode
23:30:20 -> Config file successfully read...
23:30:21 -> InitGame() successfull
23:30:32 -> ## Shutting down
23:30:32 -> ##Shutting Down DirectXGraphics
23:30:45 -> ##Initializing DirectXGraphics
23:30:45 -> ## Starting up..
23:30:45 -> parsing config file...
23:30:45 -> Entering mode 2 (1024x768)
23:30:45 -> Entering WINDOW Mode
23:30:45 -> Config file successfully read...
23:30:46 -> InitGame() successfull
23:30:59 -> ## Shutting down
23:30:59 -> ##Shutting Down DirectXGraphics
23:31:32 -> ##Initializing DirectXGraphics
23:31:32 -> ## Starting up..
23:31:32 -> parsing config file...
23:31:32 -> Entering mode 2 (1024x768)
23:31:32 -> Entering WINDOW Mode
23:31:32 -> Config file successfully read...
23:31:33 -> InitGame() successfull
23:31:36 -> ## Shutting down
23:31:36 -> ##Shutting Down DirectXGraphics
23:46:57 -> ##Initializing DirectXGraphics
23:46:57 -> ## Starting up..
23:46:57 -> parsing config file...
23:46:57 -> Entering mode 2 (1024x768)
23:46:57 -> Entering WINDOW Mode
23:46:57 -> Config file successfully read...
23:46:58 -> InitGame() successfull
23:48:55 -> ## Shutting down
23:48:55 -> ##Shutting Down DirectXGraphics
0:33:20 -> ##Initializing DirectXGraphics
0:33:20 -> ## Starting up..
0:33:20 -> parsing config file...
0:33:20 -> Entering mode 2 (1024x768)
0:33:20 -> Entering WINDOW Mode
0:33:20 -> Config file successfully read...
0:33:21 -> InitGame() successfull
0:33:23 -> ## Shutting down
0:33:23 -> ##Shutting Down DirectXGraphics
0:52:39 -> ##Initializing DirectXGraphics
0:52:39 -> ## Starting up..
0:52:39 -> parsing config file...
0:52:39 -> Entering mode 2 (1024x768)
0:52:39 -> Entering WINDOW Mode
0:52:39 -> Config file successfully read...
0:52:40 -> InitGame() successfull
0:52:42 -> ## Shutting down
0:52:42 -> ##Shutting Down DirectXGraphics
1:2:7 -> ##Initializing DirectXGraphics
1:2:7 -> ## Starting up..
1:2:7 -> parsing config file...
1:2:7 -> Entering mode 2 (1024x768)
1:2:7 -> Entering WINDOW Mode
1:2:7 -> Config file successfully read...
1:2:8 -> InitGame() successfull
1:2:45 -> ## Shutting down
1:2:45 -> ##Shutting Down DirectXGraphics
1:4:14 -> ##Initializing DirectXGraphics
1:4:14 -> ## Starting up..
1:4:14 -> parsing config file...
1:4:14 -> Entering mode 2 (1024x768)
1:4:14 -> Entering WINDOW Mode
1:4:14 -> Config file successfully read...
1:4:15 -> InitGame() successfull
1:4:31 -> ## Shutting down
1:4:31 -> ##Shutting Down DirectXGraphics
1:5:4 -> ##Initializing DirectXGraphics
1:5:4 -> ## Starting up..
1:5:4 -> parsing config file...
1:5:4 -> Entering mode 2 (1024x768)
1:5:4 -> Entering WINDOW Mode
1:5:4 -> Config file successfully read...
1:5:5 -> InitGame() successfull
1:5:23 -> ## Shutting down
1:5:23 -> ##Shutting Down DirectXGraphics
1:10:2 -> ##Initializing DirectXGraphics
1:10:2 -> ## Starting up..
1:10:2 -> parsing config file...
1:10:2 -> Entering mode 2 (1024x768)
1:10:2 -> Entering WINDOW Mode
1:10:2 -> Config file successfully read...
1:10:3 -> InitGame() successfull
1:10:54 -> ## Shutting down
1:10:54 -> ##Shutting Down DirectXGraphics
1:11:8 -> ##Initializing DirectXGraphics
1:11:8 -> ## Starting up..
1:11:8 -> parsing config file...
1:11:8 -> Entering mode 2 (1024x768)
1:11:8 -> Entering WINDOW Mode
1:11:8 -> Config file successfully read...
1:11:9 -> InitGame() successfull
1:11:32 -> ## Shutting down
1:11:32 -> ##Shutting Down DirectXGraphics
1:11:46 -> ##Initializing DirectXGraphics
1:11:46 -> ## Starting up..
1:11:46 -> parsing config file...
1:11:46 -> Entering mode 2 (1024x768)
1:11:46 -> Entering WINDOW Mode
1:11:46 -> Config file successfully read...
1:11:47 -> InitGame() successfull
1:13:4 -> ##Initializing DirectXGraphics
1:13:4 -> ## Starting up..
1:13:4 -> parsing config file...
1:13:4 -> Entering mode 2 (1024x768)
1:13:4 -> Entering WINDOW Mode
1:13:4 -> Config file successfully read...
1:13:6 -> InitGame() successfull
1:13:54 -> ##Initializing DirectXGraphics
1:13:54 -> ## Starting up..
1:13:54 -> parsing config file...
1:13:54 -> Entering mode 2 (1024x768)
1:13:54 -> Entering WINDOW Mode
1:13:54 -> Config file successfully read...
1:13:55 -> InitGame() successfull
1:15:53 -> ## Shutting down
1:15:53 -> ##Shutting Down DirectXGraphics
1:20:59 -> ##Initializing DirectXGraphics
1:20:59 -> ## Starting up..
1:20:59 -> parsing config file...
1:20:59 -> Entering mode 2 (1024x768)
1:20:59 -> Entering WINDOW Mode
1:20:59 -> Config file successfully read...
1:21:0 -> InitGame() successfull
1:22:20 -> ## Shutting down
1:22:20 -> ##Shutting Down DirectXGraphics
1:22:59 -> ##Initializing DirectXGraphics
1:22:59 -> ## Starting up..
1:22:59 -> parsing config file...
1:22:59 -> Entering mode 2 (1024x768)
1:22:59 -> Entering WINDOW Mode
1:22:59 -> Config file successfully read...
1:23:0 -> InitGame() successfull
1:23:30 -> ## Shutting down
1:23:30 -> ##Shutting Down DirectXGraphics
1:50:39 -> ##Initializing DirectXGraphics
1:50:39 -> ## Starting up..
1:50:39 -> parsing config file...
1:50:39 -> Entering mode 2 (1024x768)
1:50:39 -> Entering WINDOW Mode
1:50:39 -> Config file successfully read...
1:50:40 -> InitGame() successfull
1:51:32 -> ##Initializing DirectXGraphics
1:51:32 -> ## Starting up..
1:51:32 -> parsing config file...
1:51:32 -> Entering mode 2 (1024x768)
1:51:32 -> Entering WINDOW Mode
1:51:32 -> Config file successfully read...
1:51:34 -> InitGame() successfull
1:51:37 -> ## Shutting down
1:51:37 -> ##Shutting Down DirectXGraphics
1:52:10 -> ##Initializing DirectXGraphics
1:52:10 -> ## Starting up..
1:52:10 -> parsing config file...
1:52:10 -> Entering mode 2 (1024x768)
1:52:10 -> Entering WINDOW Mode
1:52:10 -> Config file successfully read...
1:52:12 -> InitGame() successfull
1:52:15 -> ## Shutting down
1:52:15 -> ##Shutting Down DirectXGraphics
2:48:41 -> ##Initializing DirectXGraphics
2:48:41 -> ## Starting up..
2:48:41 -> parsing config file...
2:48:41 -> Entering mode 2 (1024x768)
2:48:41 -> Entering WINDOW Mode
2:48:41 -> Config file successfully read...
2:48:44 -> InitGame() successfull
2:48:58 -> ## Shutting down
2:48:58 -> ##Shutting Down DirectXGraphics
2:49:22 -> ##Initializing DirectXGraphics
2:49:22 -> ## Starting up..
2:49:22 -> parsing config file...
2:49:22 -> Entering mode 2 (1024x768)
2:49:22 -> Entering WINDOW Mode
2:49:22 -> Config file successfully read...
2:49:23 -> InitGame() successfull
2:49:36 -> ## Shutting down
2:49:36 -> ##Shutting Down DirectXGraphics
2:50:28 -> ##Initializing DirectXGraphics
2:50:28 -> ## Starting up..
2:50:28 -> parsing config file...
2:50:28 -> Entering mode 2 (1024x768)
2:50:28 -> Entering WINDOW Mode
2:50:28 -> Config file successfully read...
2:50:29 -> InitGame() successfull
2:50:38 -> ## Shutting down
2:50:38 -> ##Shutting Down DirectXGraphics
12:48:3 -> ##Initializing DirectXGraphics
12:48:3 -> ## Starting up..
12:48:3 -> parsing config file...
12:48:3 -> Entering mode 2 (1024x768)
12:48:3 -> Entering WINDOW Mode
12:48:3 -> Config file successfully read...
12:48:5 -> InitGame() successfull
13:59:4 -> ##Initializing DirectXGraphics
13:59:4 -> ## Starting up..
13:59:4 -> parsing config file...
13:59:4 -> Entering mode 2 (1024x768)
13:59:4 -> Entering WINDOW Mode
13:59:4 -> Config file successfully read...
13:59:5 -> InitGame() successfull
13:59:28 -> ## Shutting down
13:59:28 -> ##Shutting Down DirectXGraphics
14:9:31 -> ##Initializing DirectXGraphics
14:9:31 -> ## Starting up..
14:9:31 -> parsing config file...
14:9:31 -> Entering mode 2 (1024x768)
14:9:31 -> Entering WINDOW Mode
14:9:31 -> Config file successfully read...
14:9:32 -> InitGame() successfull
14:10:8 -> ## Shutting down
14:10:8 -> ##Shutting Down DirectXGraphics
14:18:32 -> ##Initializing DirectXGraphics
14:18:32 -> ## Starting up..
14:18:32 -> parsing config file...
14:18:32 -> Entering mode 2 (1024x768)
14:18:32 -> Entering WINDOW Mode
14:18:32 -> Config file successfully read...
14:18:33 -> InitGame() successfull
14:19:44 -> ##Initializing DirectXGraphics
14:19:44 -> ## Starting up..
14:19:44 -> parsing config file...
14:19:44 -> Entering mode 2 (1024x768)
14:19:44 -> Entering WINDOW Mode
14:19:44 -> Config file successfully read...
14:19:45 -> InitGame() successfull
14:26:51 -> ##Initializing DirectXGraphics
14:26:51 -> ## Starting up..
14:26:51 -> parsing config file...
14:26:51 -> Entering mode 2 (1024x768)
14:26:51 -> Entering WINDOW Mode
14:26:51 -> Config file successfully read...
14:26:52 -> InitGame() successfull
14:27:5 -> ## Shutting down
14:27:5 -> ##Shutting Down DirectXGraphics
14:28:20 -> ##Initializing DirectXGraphics
14:28:20 -> ## Starting up..
14:28:20 -> parsing config file...
14:28:20 -> Entering mode 2 (1024x768)
14:28:20 -> Entering WINDOW Mode
14:28:20 -> Config file successfully read...
14:28:21 -> InitGame() successfull
14:28:34 -> ## Shutting down
14:28:34 -> ##Shutting Down DirectXGraphics
14:30:28 -> ##Initializing DirectXGraphics
14:30:28 -> ## Starting up..
14:30:28 -> parsing config file...
14:30:28 -> Entering mode 2 (1024x768)
14:30:28 -> Entering WINDOW Mode
14:30:28 -> Config file successfully read...
14:30:29 -> InitGame() successfull
14:30:36 -> ## Shutting down
14:30:36 -> ##Shutting Down DirectXGraphics
14:59:57 -> ##Initializing DirectXGraphics
14:59:57 -> ## Starting up..
14:59:57 -> parsing config file...
14:59:57 -> Entering mode 2 (1024x768)
14:59:57 -> Entering WINDOW Mode
14:59:57 -> Config file successfully read...
14:59:58 -> InitGame() successfull
15:0:45 -> ## Shutting down
15:0:45 -> ##Shutting Down DirectXGraphics
15:2:0 -> ##Initializing DirectXGraphics
15:2:0 -> ## Starting up..
15:2:0 -> parsing config file...
15:2:0 -> Entering mode 2 (1024x768)
15:2:0 -> Entering WINDOW Mode
15:2:0 -> Config file successfully read...
15:2:1 -> InitGame() successfull
15:2:26 -> ## Shutting down
15:2:26 -> ##Shutting Down DirectXGraphics
15:2:58 -> ##Initializing DirectXGraphics
15:2:58 -> ## Starting up..
15:2:58 -> parsing config file...
15:2:58 -> Entering mode 2 (1024x768)
15:2:58 -> Entering WINDOW Mode
15:2:58 -> Config file successfully read...
15:2:59 -> InitGame() successfull
15:3:11 -> ## Shutting down
15:3:11 -> ##Shutting Down DirectXGraphics
20:0:6 -> ##Initializing DirectXGraphics
20:0:6 -> ## Starting up..
20:0:6 -> parsing config file...
20:0:6 -> Entering mode 2 (1024x768)
20:0:6 -> Entering WINDOW Mode
20:0:6 -> Config file successfully read...
20:0:8 -> InitGame() successfull
20:0:36 -> ## Shutting down
20:0:36 -> ##Shutting Down DirectXGraphics
20:7:37 -> ##Initializing DirectXGraphics
20:7:37 -> ## Starting up..
20:7:37 -> parsing config file...
20:7:37 -> Entering mode 2 (1024x768)
20:7:37 -> Entering WINDOW Mode
20:7:37 -> Config file successfully read...
20:7:39 -> InitGame() successfull
20:7:49 -> ## Shutting down
20:7:49 -> ##Shutting Down DirectXGraphics
20:9:31 -> ##Initializing DirectXGraphics
20:9:31 -> ## Starting up..
20:9:31 -> parsing config file...
20:9:31 -> Entering mode 2 (1024x768)
20:9:31 -> Entering WINDOW Mode
20:9:31 -> Config file successfully read...
20:9:32 -> InitGame() successfull
20:9:39 -> ## Shutting down
20:9:39 -> ##Shutting Down DirectXGraphics
20:13:37 -> ##Initializing DirectXGraphics
20:13:37 -> ## Starting up..
20:13:37 -> parsing config file...
20:13:37 -> Entering mode 2 (1024x768)
20:13:37 -> Entering WINDOW Mode
20:13:37 -> Config file successfully read...
20:13:38 -> InitGame() successfull
20:22:20 -> ##Initializing DirectXGraphics
20:22:20 -> ## Starting up..
20:22:20 -> parsing config file...
20:22:20 -> Entering mode 2 (1024x768)
20:22:20 -> Entering WINDOW Mode
20:22:20 -> Config file successfully read...
20:22:21 -> InitGame() successfull
20:24:23 -> ##Initializing DirectXGraphics
20:24:23 -> ## Starting up..
20:24:23 -> parsing config file...
20:24:23 -> Entering mode 2 (1024x768)
20:24:23 -> Entering WINDOW Mode
20:24:23 -> Config file successfully read...
20:24:24 -> InitGame() successfull
20:24:30 -> ## Shutting down
20:24:30 -> ##Shutting Down DirectXGraphics
20:27:17 -> ##Initializing DirectXGraphics
20:27:17 -> ## Starting up..
20:27:17 -> parsing config file...
20:27:17 -> Entering mode 2 (1024x768)
20:27:17 -> Entering WINDOW Mode
20:27:17 -> Config file successfully read...
20:27:18 -> InitGame() successfull
20:27:49 -> ## Shutting down
20:27:49 -> ##Shutting Down DirectXGraphics
20:30:11 -> ##Initializing DirectXGraphics
20:30:11 -> ## Starting up..
20:30:11 -> parsing config file...
20:30:11 -> Entering mode 2 (1024x768)
20:30:11 -> Entering WINDOW Mode
20:30:11 -> Config file successfully read...
20:30:13 -> InitGame() successfull
20:30:28 -> ## Shutting down
20:30:28 -> ##Shutting Down DirectXGraphics
20:30:47 -> ##Initializing DirectXGraphics
20:30:47 -> ## Starting up..
20:30:47 -> parsing config file...
20:30:47 -> Entering mode 2 (1024x768)
20:30:47 -> Entering WINDOW Mode
20:30:47 -> Config file successfully read...
20:30:49 -> InitGame() successfull
20:31:7 -> ## Shutting down
20:31:7 -> ##Shutting Down DirectXGraphics
20:33:42 -> ##Initializing DirectXGraphics
20:33:42 -> ## Starting up..
20:33:42 -> parsing config file...
20:33:42 -> Entering mode 2 (1024x768)
20:33:42 -> Entering WINDOW Mode
20:33:42 -> Config file successfully read...
20:33:44 -> InitGame() successfull
20:34:54 -> ## Shutting down
20:34:54 -> ##Shutting Down DirectXGraphics
20:40:11 -> ##Initializing DirectXGraphics
20:40:11 -> ## Starting up..
20:40:11 -> parsing config file...
20:40:11 -> Entering mode 2 (1024x768)
20:40:11 -> Entering WINDOW Mode
20:40:11 -> Config file successfully read...
20:40:12 -> InitGame() successfull
20:41:28 -> ##Initializing DirectXGraphics
20:41:28 -> ## Starting up..
20:41:28 -> parsing config file...
20:41:28 -> Entering mode 2 (1024x768)
20:41:28 -> Entering WINDOW Mode
20:41:28 -> Config file successfully read...
20:41:29 -> InitGame() successfull
20:41:39 -> ## Shutting down
20:41:39 -> ##Shutting Down DirectXGraphics
20:41:53 -> ##Initializing DirectXGraphics
20:41:53 -> ## Starting up..
20:41:53 -> parsing config file...
20:41:53 -> Entering mode 2 (1024x768)
20:41:53 -> Entering WINDOW Mode
20:41:53 -> Config file successfully read...
20:41:54 -> InitGame() successfull
20:42:9 -> ## Shutting down
20:42:9 -> ##Shutting Down DirectXGraphics
20:43:43 -> ##Initializing DirectXGraphics
20:43:43 -> ## Starting up..
20:43:43 -> parsing config file...
20:43:43 -> Entering mode 2 (1024x768)
20:43:43 -> Entering WINDOW Mode
20:43:43 -> Config file successfully read...
20:43:44 -> InitGame() successfull
20:43:56 -> ## Shutting down
20:43:56 -> ##Shutting Down DirectXGraphics
20:44:16 -> ##Initializing DirectXGraphics
20:44:16 -> ## Starting up..
20:44:16 -> parsing config file...
20:44:16 -> Entering mode 2 (1024x768)
20:44:16 -> Entering WINDOW Mode
20:44:16 -> Config file successfully read...
20:44:17 -> InitGame() successfull
20:45:9 -> ## Shutting down
20:45:9 -> ##Shutting Down DirectXGraphics
20:47:22 -> ##Initializing DirectXGraphics
20:47:22 -> ## Starting up..
20:47:22 -> parsing config file...
20:47:22 -> Entering mode 2 (1024x768)
20:47:22 -> Entering WINDOW Mode
20:47:22 -> Config file successfully read...
20:47:23 -> InitGame() successfull
20:47:35 -> ## Shutting down
20:47:35 -> ##Shutting Down DirectXGraphics
